Initial model: { ConnectionPageModel = { ConnectionString = { Name = "" Value = "" } CurrentFormState = MissingConnStrValue Output = "" } CodeGenPageModel = { OutputLocation = { FileName = "" FilePath = "c:\" } ConnectionStrings = [] Databases = [] Languages = [CSharp; VbNet] Tables = [] SelectedConnectionString = None SelectedDatabase = None SelectedLanguage = CSharp SelectedTables = [] } WorkaroundNavPageBug = false WorkaroundNavPageBugPendingCmd = [] }
View, model = { ConnectionPageModel = { ConnectionString = { Name = "" Value = "" } CurrentFormState = MissingConnStrValue Output = "" } CodeGenPageModel = { OutputLocation = { FileName = "" FilePath = "c:\" } ConnectionStrings = [] Databases = [] Languages = [CSharp; VbNet] Tables = [] SelectedConnectionString = None SelectedDatabase = None SelectedLanguage = CSharp SelectedTables = [] } WorkaroundNavPageBug = false WorkaroundNavPageBugPendingCmd = [] }
Error in view function: System.AggregateException: One or more errors occurred. (SQLite Error 1: 'no such table: ConnStr'.) ---> Microsoft.Data.Sqlite.SqliteException: SQLite Error 1: 'no such table: ConnStr'.
  at Microsoft.Data.Sqlite.SqliteException.ThrowExceptionForRC (System.Int32 rc, SQLitePCL.sqlite3 db) [0x0006d] in <4c391f4543fc4940b068e39ffdb09547>:0 
  at Microsoft.Data.Sqlite.SqliteCommand+<PrepareAndEnumerateStatements>d__64.MoveNext () [0x000b0] in <4c391f4543fc4940b068e39ffdb09547>:0 
  at Microsoft.Data.Sqlite.SqliteCommand+<GetStatements>d__54.MoveNext () [0x00148] in <4c391f4543fc4940b068e39ffdb09547>:0 
  at Microsoft.Data.Sqlite.SqliteDataReader.NextResult () [0x0017d] in <4c391f4543fc4940b068e39ffdb09547>:0 
  at Microsoft.Data.Sqlite.SqliteCommand.ExecuteReader (System.Data.CommandBehavior behavior) [0x000d4] in <4c391f4543fc4940b068e39ffdb09547>:0 
  at Microsoft.Data.Sqlite.SqliteCommand.ExecuteReaderAsync (System.Data.CommandBehavior behavior, System.Threading.CancellationToken cancellationToken) [0x00007] in <4c391f4543fc4940b068e39ffdb09547>:0 
  at Microsoft.Data.Sqlite.SqliteCommand.ExecuteDbDataReaderAsync (System.Data.CommandBehavior behavior, System.Threading.CancellationToken cancellationToken) [0x00011] in <4c391f4543fc4940b068e39ffdb09547>:0 
  at Dapper.SqlMapper.QueryAsync[T] (System.Data.IDbConnection cnn, System.Type effectiveType, Dapper.CommandDefinition command) [0x0017f] in /_/Dapper/SqlMapper.Async.cs:419 
   --- End of inner exception stack trace ---
  at Microsoft.FSharp.Control.AsyncResult`1[T].Commit () [0x00012] in F:\workspace\_work\1\s\src\fsharp\FSharp.Core\async.fs:349 
  at Microsoft.FSharp.Control.AsyncPrimitives.RunSynchronouslyInAnotherThread[a] (System.Threading.CancellationToken token, Microsoft.FSharp.Control.FSharpAsync`1[T] computation, Microsoft.FSharp.Core.FSharpOption`1[T] timeout) [0x000a3] in F:\workspace\_work\1\s\src\fsharp\FSharp.Core\async.fs:863 
  at Microsoft.FSharp.Control.AsyncPrimitives.RunSynchronously[T] (System.Threading.CancellationToken cancellationToken, Microsoft.FSharp.Control.FSharpAsync`1[T] computation, Microsoft.FSharp.Core.FSharpOption`1[T] timeout) [0x00007] in F:\workspace\_work\1\s\src\fsharp\FSharp.Core\async.fs:900 
  at Microsoft.FSharp.Control.FSharpAsync.RunSynchronously[T] (Microsoft.FSharp.Control.FSharpAsync`1[T] computation, Microsoft.FSharp.Core.FSharpOption`1[T] timeout, Microsoft.FSharp.Core.FSharpOption`1[T] cancellationToken) [0x00061] in F:\workspace\_work\1\s\src\fsharp\FSharp.Core\async.fs:1154 
  at CodeGenPage.fetchConnString () [0x00000] in /Users/terrancesmith/Projects/ClientWork/HackerFerretSoftware/PocoGen_Fsharp/PocoGen/Pages/CodeGenPage.fs:26 
  at CodeGenPage.view[a] (CodeGenPage+Model model, a dispatch) [0x00022] in /Users/terrancesmith/Projects/ClientWork/HackerFerretSoftware/PocoGen_Fsharp/PocoGen/Pages/CodeGenPage.fs:72 
  at PocoGen.AppModule.view (PocoGen.AppModule+Model model, Microsoft.FSharp.Core.FSharpFunc`2[T,TResult] dispatch) [0x0001b] in /Users/terrancesmith/Projects/ClientWork/HackerFerretSoftware/PocoGen_Fsharp/PocoGen/App.fs:56 
  at <StartupCode$PocoGen>.$App+view@82-45.Invoke (PocoGen.AppModule+Model model, Microsoft.FSharp.Core.FSharpFunc`2[T,TResult] dispatch) [0x00000] in /Users/terrancesmith/Projects/ClientWork/HackerFerretSoftware/PocoGen_Fsharp/PocoGen/App.fs:82 
  at Fabulous.ProgramModule+withConsoleTrace@213-2[model,msg,arg].Invoke (model model, Microsoft.FSharp.Core.FSharpFunc`2[T,TResult] dispatch) [0x0001b] in <c6c5bb36ac7170cc4bf5a49596eb79e0>:0 
---> (Inner Exception #0) Microsoft.Data.Sqlite.SqliteException (0x80004005): SQLite Error 1: 'no such table: ConnStr'.
  at Microsoft.Data.Sqlite.SqliteException.ThrowExceptionForRC (System.Int32 rc, SQLitePCL.sqlite3 db) [0x0006d] in <4c391f4543fc4940b068e39ffdb09547>:0 
  at Microsoft.Data.Sqlite.SqliteCommand+<PrepareAndEnumerateStatements>d__64.MoveNext () [0x000b0] in <4c391f4543fc4940b068e39ffdb09547>:0 
  at Microsoft.Data.Sqlite.SqliteCommand+<GetStatements>d__54.MoveNext () [0x00148] in <4c391f4543fc4940b068e39ffdb09547>:0 
  at Microsoft.Data.Sqlite.SqliteDataReader.NextResult () [0x0017d] in <4c391f4543fc4940b068e39ffdb09547>:0 
  at Microsoft.Data.Sqlite.SqliteCommand.ExecuteReader (System.Data.CommandBehavior behavior) [0x000d4] in <4c391f4543fc4940b068e39ffdb09547>:0 
  at Microsoft.Data.Sqlite.SqliteCommand.ExecuteReaderAsync (System.Data.CommandBehavior behavior, System.Threading.CancellationToken cancellationToken) [0x00007] in <4c391f4543fc4940b068e39ffdb09547>:0 
  at Microsoft.Data.Sqlite.SqliteCommand.ExecuteDbDataReaderAsync (System.Data.CommandBehavior behavior, System.Threading.CancellationToken cancellationToken) [0x00011] in <4c391f4543fc4940b068e39ffdb09547>:0 
  at Dapper.SqlMapper.QueryAsync[T] (System.Data.IDbConnection cnn, System.Type effectiveType, Dapper.CommandDefinition command) [0x0017f] in /_/Dapper/SqlMapper.Async.cs:419 <---

